[2025-03-15 11:17:55] local.ERROR: The process "'/opt/homebrew/Cellar/php@8.2/8.2.27/bin/php' 'artisan' 'queue:work' '--once' '--name=default' '--queue=default' '--backoff=0' '--memory=128' '--sleep=3' '--tries=1'" exceeded the timeout of 60 seconds. {"exception":"[object] (Symfony\\Component\\Process\\Exception\\ProcessTimedOutException(code: 0): The process \"'/opt/homebrew/Cellar/php@8.2/8.2.27/bin/php' 'artisan' 'queue:work' '--once' '--name=default' '--queue=default' '--backoff=0' '--memory=128' '--sleep=3' '--tries=1'\" exceeded the timeout of 60 seconds. at /Users/raheel_safdar/PhpstormProjects/svn-technical/vendor/symfony/process/Process.php:1157)
[stacktrace]
#0 /Users/raheel_safdar/PhpstormProjects/svn-technical/vendor/symfony/process/Process.php(424): Symfony\\Component\\Process\\Process->checkTimeout()
#1 /Users/raheel_safdar/PhpstormProjects/svn-technical/vendor/symfony/process/Process.php(252): Symfony\\Component\\Process\\Process->wait()
#2 /Users/raheel_safdar/PhpstormProjects/svn-technical/vendor/laravel/framework/src/Illuminate/Queue/Listener.php(179): Symfony\\Component\\Process\\Process->run(Object(Closure))
#3 /Users/raheel_safdar/PhpstormProjects/svn-technical/vendor/laravel/framework/src/Illuminate/Queue/Listener.php(90): Illuminate\\Queue\\Listener->runProcess(Object(Symfony\\Component\\Process\\Process), '128')
#4 /Users/raheel_safdar/PhpstormProjects/svn-technical/vendor/laravel/framework/src/Illuminate/Queue/Console/ListenCommand.php(74): Illuminate\\Queue\\Listener->listen(NULL, 'default', Object(Illuminate\\Queue\\ListenerOptions))
#5 /Users/raheel_safdar/PhpstormProjects/svn-technical/vendor/laravel/framework/src/Illuminate/Container/BoundMethod.php(36): Illuminate\\Queue\\Console\\ListenCommand->handle()
#6 /Users/raheel_safdar/PhpstormProjects/svn-technical/vendor/laravel/framework/src/Illuminate/Container/Util.php(41): Illuminate\\Container\\BoundMethod::Illuminate\\Container\\{closure}()
#7 /Users/raheel_safdar/PhpstormProjects/svn-technical/vendor/laravel/framework/src/Illuminate/Container/BoundMethod.php(93): Illuminate\\Container\\Util::unwrapIfClosure(Object(Closure))
#8 /Users/raheel_safdar/PhpstormProjects/svn-technical/vendor/laravel/framework/src/Illuminate/Container/BoundMethod.php(35): Illuminate\\Container\\BoundMethod::callBoundMethod(Object(Illuminate\\Foundation\\Application), Array, Object(Closure))
#9 /Users/raheel_safdar/PhpstormProjects/svn-technical/vendor/laravel/framework/src/Illuminate/Container/Container.php(662): Illuminate\\Container\\BoundMethod::call(Object(Illuminate\\Foundation\\Application), Array, Array, NULL)
#10 /Users/raheel_safdar/PhpstormProjects/svn-technical/vendor/laravel/framework/src/Illuminate/Console/Command.php(211): Illuminate\\Container\\Container->call(Array)
#11 /Users/raheel_safdar/PhpstormProjects/svn-technical/vendor/symfony/console/Command/Command.php(326): Illuminate\\Console\\Command->execute(Object(Symfony\\Component\\Console\\Input\\ArgvInput), Object(Illuminate\\Console\\OutputStyle))
#12 /Users/raheel_safdar/PhpstormProjects/svn-technical/vendor/laravel/framework/src/Illuminate/Console/Command.php(180): Symfony\\Component\\Console\\Command\\Command->run(Object(Symfony\\Component\\Console\\Input\\ArgvInput), Object(Illuminate\\Console\\OutputStyle))
#13 /Users/raheel_safdar/PhpstormProjects/svn-technical/vendor/symfony/console/Application.php(1096): Illuminate\\Console\\Command->run(Object(Symfony\\Component\\Console\\Input\\ArgvInput), Object(Symfony\\Component\\Console\\Output\\ConsoleOutput))
#14 /Users/raheel_safdar/PhpstormProjects/svn-technical/vendor/symfony/console/Application.php(324): Symfony\\Component\\Console\\Application->doRunCommand(Object(Illuminate\\Queue\\Console\\ListenCommand), Object(Symfony\\Component\\Console\\Input\\ArgvInput), Object(Symfony\\Component\\Console\\Output\\ConsoleOutput))
#15 /Users/raheel_safdar/PhpstormProjects/svn-technical/vendor/symfony/console/Application.php(175): Symfony\\Component\\Console\\Application->doRun(Object(Symfony\\Component\\Console\\Input\\ArgvInput), Object(Symfony\\Component\\Console\\Output\\ConsoleOutput))
#16 /Users/raheel_safdar/PhpstormProjects/svn-technical/vendor/laravel/framework/src/Illuminate/Foundation/Console/Kernel.php(201): Symfony\\Component\\Console\\Application->run(Object(Symfony\\Component\\Console\\Input\\ArgvInput), Object(Symfony\\Component\\Console\\Output\\ConsoleOutput))
#17 /Users/raheel_safdar/PhpstormProjects/svn-technical/artisan(35): Illuminate\\Foundation\\Console\\Kernel->handle(Object(Symfony\\Component\\Console\\Input\\ArgvInput), Object(Symfony\\Component\\Console\\Output\\ConsoleOutput))
#18 {main}
"} 
[2025-03-18 14:11:53] local.ERROR: Unsupported image type application/x-empty. GD driver is only able to decode JPG, PNG, GIF, BMP or WebP files. {"exception":"[object] (Intervention\\Image\\Exception\\NotReadableException(code: 0): Unsupported image type application/x-empty. GD driver is only able to decode JPG, PNG, GIF, BMP or WebP files. at /Users/raheel_safdar/PhpstormProjects/svn-technical/vendor/intervention/image/src/Intervention/Image/Gd/Decoder.php:75)
[stacktrace]
#0 /Users/raheel_safdar/PhpstormProjects/svn-technical/vendor/intervention/image/src/Intervention/Image/AbstractDecoder.php(344): Intervention\\Image\\Gd\\Decoder->initFromPath('/Users/raheel_s...')
#1 /Users/raheel_safdar/PhpstormProjects/svn-technical/vendor/intervention/image/src/Intervention/Image/AbstractDriver.php(66): Intervention\\Image\\AbstractDecoder->init('/Users/raheel_s...')
#2 /Users/raheel_safdar/PhpstormProjects/svn-technical/vendor/intervention/image/src/Intervention/Image/ImageManager.php(54): Intervention\\Image\\AbstractDriver->init('/Users/raheel_s...')
#3 /Users/raheel_safdar/PhpstormProjects/svn-technical/vendor/laravel/framework/src/Illuminate/Support/Facades/Facade.php(355): Intervention\\Image\\ImageManager->make('/Users/raheel_s...')
#4 /Users/raheel_safdar/PhpstormProjects/svn-technical/database/seeders/UpdateCenterImages.php(34): Illuminate\\Support\\Facades\\Facade::__callStatic('make', Array)
#5 /Users/raheel_safdar/PhpstormProjects/svn-technical/vendor/laravel/framework/src/Illuminate/Container/BoundMethod.php(36): Database\\Seeders\\UpdateCenterImages->run()
#6 /Users/raheel_safdar/PhpstormProjects/svn-technical/vendor/laravel/framework/src/Illuminate/Container/Util.php(41): Illuminate\\Container\\BoundMethod::Illuminate\\Container\\{closure}()
#7 /Users/raheel_safdar/PhpstormProjects/svn-technical/vendor/laravel/framework/src/Illuminate/Container/BoundMethod.php(93): Illuminate\\Container\\Util::unwrapIfClosure(Object(Closure))
#8 /Users/raheel_safdar/PhpstormProjects/svn-technical/vendor/laravel/framework/src/Illuminate/Container/BoundMethod.php(35): Illuminate\\Container\\BoundMethod::callBoundMethod(Object(Illuminate\\Foundation\\Application), Array, Object(Closure))
#9 /Users/raheel_safdar/PhpstormProjects/svn-technical/vendor/laravel/framework/src/Illuminate/Container/Container.php(662): Illuminate\\Container\\BoundMethod::call(Object(Illuminate\\Foundation\\Application), Array, Array, NULL)
#10 /Users/raheel_safdar/PhpstormProjects/svn-technical/vendor/laravel/framework/src/Illuminate/Database/Seeder.php(184): Illuminate\\Container\\Container->call(Array, Array)
#11 /Users/raheel_safdar/PhpstormProjects/svn-technical/vendor/laravel/framework/src/Illuminate/Database/Seeder.php(193): Illuminate\\Database\\Seeder->Illuminate\\Database\\{closure}()
#12 /Users/raheel_safdar/PhpstormProjects/svn-technical/vendor/laravel/framework/src/Illuminate/Database/Console/Seeds/SeedCommand.php(70): Illuminate\\Database\\Seeder->__invoke()
#13 /Users/raheel_safdar/PhpstormProjects/svn-technical/vendor/laravel/framework/src/Illuminate/Database/Eloquent/Concerns/GuardsAttributes.php(155): Illuminate\\Database\\Console\\Seeds\\SeedCommand->Illuminate\\Database\\Console\\Seeds\\{closure}()
#14 /Users/raheel_safdar/PhpstormProjects/svn-technical/vendor/laravel/framework/src/Illuminate/Database/Console/Seeds/SeedCommand.php(69): Illuminate\\Database\\Eloquent\\Model::unguarded(Object(Closure))
#15 /Users/raheel_safdar/PhpstormProjects/svn-technical/vendor/laravel/framework/src/Illuminate/Container/BoundMethod.php(36): Illuminate\\Database\\Console\\Seeds\\SeedCommand->handle()
#16 /Users/raheel_safdar/PhpstormProjects/svn-technical/vendor/laravel/framework/src/Illuminate/Container/Util.php(41): Illuminate\\Container\\BoundMethod::Illuminate\\Container\\{closure}()
#17 /Users/raheel_safdar/PhpstormProjects/svn-technical/vendor/laravel/framework/src/Illuminate/Container/BoundMethod.php(93): Illuminate\\Container\\Util::unwrapIfClosure(Object(Closure))
#18 /Users/raheel_safdar/PhpstormProjects/svn-technical/vendor/laravel/framework/src/Illuminate/Container/BoundMethod.php(35): Illuminate\\Container\\BoundMethod::callBoundMethod(Object(Illuminate\\Foundation\\Application), Array, Object(Closure))
#19 /Users/raheel_safdar/PhpstormProjects/svn-technical/vendor/laravel/framework/src/Illuminate/Container/Container.php(662): Illuminate\\Container\\BoundMethod::call(Object(Illuminate\\Foundation\\Application), Array, Array, NULL)
#20 /Users/raheel_safdar/PhpstormProjects/svn-technical/vendor/laravel/framework/src/Illuminate/Console/Command.php(211): Illuminate\\Container\\Container->call(Array)
#21 /Users/raheel_safdar/PhpstormProjects/svn-technical/vendor/symfony/console/Command/Command.php(326): Illuminate\\Console\\Command->execute(Object(Symfony\\Component\\Console\\Input\\ArgvInput), Object(Illuminate\\Console\\OutputStyle))
#22 /Users/raheel_safdar/PhpstormProjects/svn-technical/vendor/laravel/framework/src/Illuminate/Console/Command.php(180): Symfony\\Component\\Console\\Command\\Command->run(Object(Symfony\\Component\\Console\\Input\\ArgvInput), Object(Illuminate\\Console\\OutputStyle))
#23 /Users/raheel_safdar/PhpstormProjects/svn-technical/vendor/symfony/console/Application.php(1096): Illuminate\\Console\\Command->run(Object(Symfony\\Component\\Console\\Input\\ArgvInput), Object(Symfony\\Component\\Console\\Output\\ConsoleOutput))
#24 /Users/raheel_safdar/PhpstormProjects/svn-technical/vendor/symfony/console/Application.php(324): Symfony\\Component\\Console\\Application->doRunCommand(Object(Illuminate\\Database\\Console\\Seeds\\SeedCommand), Object(Symfony\\Component\\Console\\Input\\ArgvInput), Object(Symfony\\Component\\Console\\Output\\ConsoleOutput))
#25 /Users/raheel_safdar/PhpstormProjects/svn-technical/vendor/symfony/console/Application.php(175): Symfony\\Component\\Console\\Application->doRun(Object(Symfony\\Component\\Console\\Input\\ArgvInput), Object(Symfony\\Component\\Console\\Output\\ConsoleOutput))
#26 /Users/raheel_safdar/PhpstormProjects/svn-technical/vendor/laravel/framework/src/Illuminate/Foundation/Console/Kernel.php(201): Symfony\\Component\\Console\\Application->run(Object(Symfony\\Component\\Console\\Input\\ArgvInput), Object(Symfony\\Component\\Console\\Output\\ConsoleOutput))
#27 /Users/raheel_safdar/PhpstormProjects/svn-technical/artisan(35): Illuminate\\Foundation\\Console\\Kernel->handle(Object(Symfony\\Component\\Console\\Input\\ArgvInput), Object(Symfony\\Component\\Console\\Output\\ConsoleOutput))
#28 {main}
"} 
